# JRE version: Java(TM) SE Runtime Environment (8.0_144-b01) (build 1.8.0_144-b01)
# Java VM: Java HotSpot(TM) 64-Bit Server VM (25.144-b01 mixed mode windows-amd64 compressed oops)
Heap:
 PSYoungGen      total 32768K, used 14617K [0x00000000d6000000, 0x00000000d8500000, 0x0000000100000000)
  eden space 27648K, 48% used [0x00000000d6000000,0x00000000d6d19300,0x00000000d7b00000)
  from space 5120K, 23% used [0x00000000d7b00000,0x00000000d7c2d3b0,0x00000000d8000000)
  to   space 5120K, 0% used [0x00000000d8000000,0x00000000d8000000,0x00000000d8500000)
 ParOldGen       total 118784K, used 54344K [0x0000000082000000, 0x0000000089400000, 0x00000000d6000000)
  object space 118784K, 45% used [0x0000000082000000,0x0000000085512020,0x0000000089400000)
 Metaspace       used 45762K, capacity 46390K, committed 47744K, reserved 1091584K
  class space    used 5110K, capacity 5244K, committed 5504K, reserved 1048576K
GC Heap History (10 events):
Event: 939054.034 GC heap before
{Heap before GC invocations=116 (full 3):
 PSYoungGen      total 32768K, used 30483K [0x00000000d6000000, 0x00000000d8500000, 0x0000000100000000)
  eden space 27648K, 100% used [0x00000000d6000000,0x00000000d7b00000,0x00000000d7b00000)
  from space 5120K, 55% used [0x00000000d8000000,0x00000000d82c4ec0,0x00000000d8500000)
  to   space 5120K, 0% used [0x00000000d7b00000,0x00000000d7b00000,0x00000000d8000000)
 ParOldGen       total 118784K, used 54224K [0x0000000082000000, 0x0000000089400000, 0x00000000d6000000)
  object space 118784K, 45% used [0x0000000082000000,0x00000000854f4020,0x0000000089400000)
 Metaspace       used 45762K, capacity 46390K, committed 47744K, reserved 1091584K
  class space    used 5110K, capacity 5244K, committed 5504K, reserved 1048576K
Event: 939054.069 GC heap after
Heap after GC invocations=116 (full 3):
 PSYoungGen      total 32768K, used 1980K [0x00000000d6000000, 0x00000000d8500000, 0x0000000100000000)
  eden space 27648K, 0% used [0x00000000d6000000,0x00000000d6000000,0x00000000d7b00000)
  from space 5120K, 38% used [0x00000000d7b00000,0x00000000d7cef250,0x00000000d8000000)
  to   space 5120K, 0% used [0x00000000d8000000,0x00000000d8000000,0x00000000d8500000)
 ParOldGen       total 118784K, used 54264K [0x0000000082000000, 0x0000000089400000, 0x00000000d6000000)
  object space 118784K, 45% used [0x0000000082000000,0x00000000854fe020,0x0000000089400000)
 Metaspace       used 45762K, capacity 46390K, committed 47744K, reserved 1091584K
  class space    used 5110K, capacity 5244K, committed 5504K, reserved 1048576K
}
Event: 940207.110 GC heap before
{Heap before GC invocations=117 (full 3):
 PSYoungGen      total 32768K, used 29628K [0x00000000d6000000, 0x00000000d8500000, 0x0000000100000000)
  eden space 27648K, 100% used [0x00000000d6000000,0x00000000d7b00000,0x00000000d7b00000)
  from space 5120K, 38% used [0x00000000d7b00000,0x00000000d7cef250,0x00000000d8000000)
  to   space 5120K, 0% used [0x00000000d8000000,0x00000000d8000000,0x00000000d8500000)
 ParOldGen       total 118784K, used 54264K [0x0000000082000000, 0x0000000089400000, 0x00000000d6000000)
  object space 118784K, 45% used [0x0000000082000000,0x00000000854fe020,0x0000000089400000)
 Metaspace       used 45762K, capacity 46390K, committed 47744K, reserved 1091584K
  class space    used 5110K, capacity 5244K, committed 5504K, reserved 1048576K
Event: 940207.136 GC heap after
Heap after GC invocations=117 (full 3):
 PSYoungGen      total 32768K, used 1125K [0x00000000d6000000, 0x00000000d8500000, 0x0000000100000000)
  eden space 27648K, 0% used [0x00000000d6000000,0x00000000d6000000,0x00000000d7b00000)
  from space 5120K, 21% used [0x00000000d8000000,0x00000000d81195e0,0x00000000d8500000)
  to   space 5120K, 0% used [0x00000000d7b00000,0x00000000d7b00000,0x00000000d8000000)
 ParOldGen       total 118784K, used 54288K [0x0000000082000000, 0x0000000089400000, 0x00000000d6000000)
  object space 118784K, 45% used [0x0000000082000000,0x0000000085504020,0x0000000089400000)
 Metaspace       used 45762K, capacity 46390K, committed 47744K, reserved 1091584K
  class space    used 5110K, capacity 5244K, committed 5504K, reserved 1048576K
}
Event: 941273.093 GC heap before
{Heap before GC invocations=118 (full 3):
 PSYoungGen      total 32768K, used 28773K [0x00000000d6000000, 0x00000000d8500000, 0x0000000100000000)
  eden space 27648K, 100% used [0x00000000d6000000,0x00000000d7b00000,0x00000000d7b00000)
  from space 5120K, 21% used [0x00000000d8000000,0x00000000d81195e0,0x00000000d8500000)
  to   space 5120K, 0% used [0x00000000d7b00000,0x00000000d7b00000,0x00000000d8000000)
 ParOldGen       total 118784K, used 54288K [0x0000000082000000, 0x0000000089400000, 0x00000000d6000000)
  object space 118784K, 45% used [0x0000000082000000,0x0000000085504020,0x0000000089400000)
 Metaspace       used 45762K, capacity 46390K, committed 47744K, reserved 1091584K
  class space    used 5110K, capacity 5244K, committed 5504K, reserved 1048576K
Event: 941273.107 GC heap after
Heap after GC invocations=118 (full 3):
 PSYoungGen      total 32768K, used 1204K [0x00000000d6000000, 0x00000000d8500000, 0x0000000100000000)
  eden space 27648K, 0% used [0x00000000d6000000,0x00000000d6000000,0x00000000d7b00000)
  from space 5120K, 23% used [0x00000000d7b00000,0x00000000d7c2d3b0,0x00000000d8000000)
  to   space 5120K, 0% used [0x00000000d8000000,0x00000000d8000000,0x00000000d8500000)
 ParOldGen       total 118784K, used 54296K [0x0000000082000000, 0x0000000089400000, 0x00000000d6000000)
  object space 118784K, 45% used [0x0000000082000000,0x0000000085506020,0x0000000089400000)
 Metaspace       used 45762K, capacity 46390K, committed 47744K, reserved 1091584K
  class space    used 5110K, capacity 5244K, committed 5504K, reserved 1048576K
}
Event: 943477.205 GC heap before
{Heap before GC invocations=119 (full 3):
 PSYoungGen      total 32768K, used 28852K [0x00000000d6000000, 0x00000000d8500000, 0x0000000100000000)
  eden space 27648K, 100% used [0x00000000d6000000,0x00000000d7b00000,0x00000000d7b00000)
  from space 5120K, 23% used [0x00000000d7b00000,0x00000000d7c2d3b0,0x00000000d8000000)
  to   space 5120K, 0% used [0x00000000d8000000,0x00000000d8000000,0x00000000d8500000)
 ParOldGen       total 118784K, used 54296K [0x0000000082000000, 0x0000000089400000, 0x00000000d6000000)
  object space 118784K, 45% used [0x0000000082000000,0x0000000085506020,0x0000000089400000)
 Metaspace       used 45762K, capacity 46390K, committed 47744K, reserved 1091584K
  class space    used 5110K, capacity 5244K, committed 5504K, reserved 1048576K
Event: 943477.221 GC heap after
Heap after GC invocations=119 (full 3):
 PSYoungGen      total 32768K, used 1544K [0x00000000d6000000, 0x00000000d8500000, 0x0000000100000000)
  eden space 27648K, 0% used [0x00000000d6000000,0x00000000d6000000,0x00000000d7b00000)
  from space 5120K, 30% used [0x00000000d8000000,0x00000000d8182300,0x00000000d8500000)
  to   space 5120K, 0% used [0x00000000d7b00000,0x00000000d7b00000,0x00000000d8000000)
 ParOldGen       total 118784K, used 54320K [0x0000000082000000, 0x0000000089400000, 0x00000000d6000000)
  object space 118784K, 45% used [0x0000000082000000,0x000000008550c020,0x0000000089400000)
 Metaspace       used 45762K, capacity 46390K, committed 47744K, reserved 1091584K
  class space    used 5110K, capacity 5244K, committed 5504K, reserved 1048576K
}
Event: 944361.351 GC heap before
{Heap before GC invocations=120 (full 3):
 PSYoungGen      total 32768K, used 29192K [0x00000000d6000000, 0x00000000d8500000, 0x0000000100000000)
  eden space 27648K, 100% used [0x00000000d6000000,0x00000000d7b00000,0x00000000d7b00000)
  from space 5120K, 30% used [0x00000000d8000000,0x00000000d8182300,0x00000000d8500000)
  to   space 5120K, 0% used [0x00000000d7b00000,0x00000000d7b00000,0x00000000d8000000)
 ParOldGen       total 118784K, used 54320K [0x0000000082000000, 0x0000000089400000, 0x00000000d6000000)
  object space 118784K, 45% used [0x0000000082000000,0x000000008550c020,0x0000000089400000)
 Metaspace       used 45762K, capacity 46390K, committed 47744K, reserved 1091584K
  class space    used 5110K, capacity 5244K, committed 5504K, reserved 1048576K
Event: 944361.390 GC heap after
Heap after GC invocations=120 (full 3):
 PSYoungGen      total 32768K, used 1204K [0x00000000d6000000, 0x00000000d8500000, 0x0000000100000000)
  eden space 27648K, 0% used [0x00000000d6000000,0x00000000d6000000,0x00000000d7b00000)
  from space 5120K, 23% used [0x00000000d7b00000,0x00000000d7c2d3b0,0x00000000d8000000)
  to   space 5120K, 0% used [0x00000000d8000000,0x00000000d8000000,0x00000000d8500000)
 ParOldGen       total 118784K, used 54344K [0x0000000082000000, 0x0000000089400000, 0x00000000d6000000)
  object space 118784K, 45% used [0x0000000082000000,0x0000000085512020,0x0000000089400000)
 Metaspace       used 45762K, capacity 46390K, committed 47744K, reserved 1091584K
  class space    used 5110K, capacity 5244K, committed 5504K, reserved 1048576K
}

